Buildfile: /home/jiro/workspace/java/proj/MVCharacterChipSimulator/build.xml

clean:

compile:
    [javac] Compiling 14 source files to /home/jiro/workspace/java/proj/MVCharacterChipSimulator/classes
     [copy] Copying 9 files to /home/jiro/workspace/java/proj/MVCharacterChipSimulator/classes
     [java] Exception in thread "JavaFX Application Thread" java.lang.NullPointerException
     [java] 	at app.layout.PositionsFlowPane.animateAll(PositionsFlowPane.java:102)
     [java] 	at app.layout.PositionsFlowPane.updateAnimationSpeed(PositionsFlowPane.java:114)
     [java] 	at app.MainController.updateAnimationSpeed(MainController.java:96)
     [java] 	at app.config.ConfigStageController.lambda$initialize$5(ConfigStageController.java:36)
     [java] 	at com.sun.javafx.binding.ExpressionHelper$Generic.fireValueChangedEvent(ExpressionHelper.java:361)
     [java] 	at com.sun.javafx.binding.ExpressionHelper.fireValueChangedEvent(ExpressionHelper.java:81)
     [java] 	at javafx.beans.property.DoublePropertyBase.fireValueChangedEvent(DoublePropertyBase.java:106)
     [java] 	at javafx.beans.property.DoublePropertyBase.markInvalid(DoublePropertyBase.java:113)
     [java] 	at javafx.beans.property.DoublePropertyBase.set(DoublePropertyBase.java:147)
     [java] 	at javafx.scene.control.Slider.setValue(Slider.java:213)
     [java] 	at javafx.scene.control.Slider.adjustValue(Slider.java:587)
     [java] 	at com.sun.javafx.scene.control.behavior.SliderBehavior.incrementValue(SliderBehavior.java:200)
     [java] 	at com.sun.javafx.scene.control.behavior.SliderBehavior.callAction(SliderBehavior.java:97)
     [java] 	at com.sun.javafx.scene.control.behavior.BehaviorBase.callActionForEvent(BehaviorBase.java:218)
     [java] 	at com.sun.javafx.scene.control.behavior.BehaviorBase.lambda$new$74(BehaviorBase.java:135)
     [java] 	at com.sun.javafx.event.CompositeEventHandler$NormalEventHandlerRecord.handleBubblingEvent(CompositeEventHandler.java:218)
     [java] 	at com.sun.javafx.event.CompositeEventHandler.dispatchBubblingEvent(CompositeEventHandler.java:80)
     [java] 	at com.sun.javafx.event.EventHandlerManager.dispatchBubblingEvent(EventHandlerManager.java:238)
     [java] 	at com.sun.javafx.event.EventHandlerManager.dispatchBubblingEvent(EventHandlerManager.java:191)
     [java] 	at com.sun.javafx.event.CompositeEventDispatcher.dispatchBubblingEvent(CompositeEventDispatcher.java:59)
     [java] 	at com.sun.javafx.event.BasicEventDispatcher.dispatchEvent(BasicEventDispatcher.java:58)
     [java] 	at com.sun.javafx.event.EventDispatchChainImpl.dispatchEvent(EventDispatchChainImpl.java:114)
     [java] 	at com.sun.javafx.event.BasicEventDispatcher.dispatchEvent(BasicEventDispatcher.java:56)
     [java] 	at com.sun.javafx.event.EventDispatchChainImpl.dispatchEvent(EventDispatchChainImpl.java:114)
     [java] 	at com.sun.javafx.event.BasicEventDispatcher.dispatchEvent(BasicEventDispatcher.java:56)
     [java] 	at com.sun.javafx.event.EventDispatchChainImpl.dispatchEvent(EventDispatchChainImpl.java:114)
     [java] 	at com.sun.javafx.event.EventUtil.fireEventImpl(EventUtil.java:74)
     [java] 	at com.sun.javafx.event.EventUtil.fireEvent(EventUtil.java:54)
     [java] 	at javafx.event.Event.fireEvent(Event.java:198)
     [java] 	at javafx.scene.Scene$KeyHandler.process(Scene.java:3964)
     [java] 	at javafx.scene.Scene$KeyHandler.access$1800(Scene.java:3910)
     [java] 	at javafx.scene.Scene.impl_processKeyEvent(Scene.java:2040)
     [java] 	at javafx.scene.Scene$ScenePeerListener.keyEvent(Scene.java:2501)
     [java] 	at com.sun.javafx.tk.quantum.GlassViewEventHandler$KeyEventNotification.run(GlassViewEventHandler.java:217)
     [java] 	at com.sun.javafx.tk.quantum.GlassViewEventHandler$KeyEventNotification.run(GlassViewEventHandler.java:149)
     [java] 	at java.security.AccessController.doPrivileged(Native Method)
     [java] 	at com.sun.javafx.tk.quantum.GlassViewEventHandler.lambda$handleKeyEvent$353(GlassViewEventHandler.java:248)
     [java] 	at com.sun.javafx.tk.quantum.QuantumToolkit.runWithoutRenderLock(QuantumToolkit.java:389)
     [java] 	at com.sun.javafx.tk.quantum.GlassViewEventHandler.handleKeyEvent(GlassViewEventHandler.java:247)
     [java] 	at com.sun.glass.ui.View.handleKeyEvent(View.java:546)
     [java] 	at com.sun.glass.ui.View.notifyKey(View.java:966)
     [java] 	at com.sun.glass.ui.gtk.GtkApplication._runLoop(Native Method)
     [java] 	at com.sun.glass.ui.gtk.GtkApplication.lambda$null$49(GtkApplication.java:139)
     [java] 	at java.lang.Thread.run(Thread.java:745)
     [java] Exception in thread "JavaFX Application Thread" java.lang.NullPointerException
     [java] 	at app.layout.PositionsFlowPane.animateAll(PositionsFlowPane.java:102)
     [java] 	at app.layout.PositionsFlowPane.updateAnimationSpeed(PositionsFlowPane.java:114)
     [java] 	at app.MainController.updateAnimationSpeed(MainController.java:96)
     [java] 	at app.config.ConfigStageController.lambda$initialize$5(ConfigStageController.java:36)
     [java] 	at com.sun.javafx.binding.ExpressionHelper$Generic.fireValueChangedEvent(ExpressionHelper.java:361)
     [java] 	at com.sun.javafx.binding.ExpressionHelper.fireValueChangedEvent(ExpressionHelper.java:81)
     [java] 	at javafx.beans.property.DoublePropertyBase.fireValueChangedEvent(DoublePropertyBase.java:106)
     [java] 	at javafx.beans.property.DoublePropertyBase.markInvalid(DoublePropertyBase.java:113)
     [java] 	at javafx.beans.property.DoublePropertyBase.set(DoublePropertyBase.java:147)
     [java] 	at javafx.scene.control.Slider.setValue(Slider.java:213)
     [java] 	at javafx.scene.control.Slider.adjustValue(Slider.java:587)
     [java] 	at com.sun.javafx.scene.control.behavior.SliderBehavior.incrementValue(SliderBehavior.java:200)
     [java] 	at com.sun.javafx.scene.control.behavior.SliderBehavior.callAction(SliderBehavior.java:97)
     [java] 	at com.sun.javafx.scene.control.behavior.BehaviorBase.callActionForEvent(BehaviorBase.java:218)
     [java] 	at com.sun.javafx.scene.control.behavior.BehaviorBase.lambda$new$74(BehaviorBase.java:135)
     [java] 	at com.sun.javafx.event.CompositeEventHandler$NormalEventHandlerRecord.handleBubblingEvent(CompositeEventHandler.java:218)
     [java] 	at com.sun.javafx.event.CompositeEventHandler.dispatchBubblingEvent(CompositeEventHandler.java:80)
     [java] 	at com.sun.javafx.event.EventHandlerManager.dispatchBubblingEvent(EventHandlerManager.java:238)
     [java] 	at com.sun.javafx.event.EventHandlerManager.dispatchBubblingEvent(EventHandlerManager.java:191)
     [java] 	at com.sun.javafx.event.CompositeEventDispatcher.dispatchBubblingEvent(CompositeEventDispatcher.java:59)
     [java] 	at com.sun.javafx.event.BasicEventDispatcher.dispatchEvent(BasicEventDispatcher.java:58)
     [java] 	at com.sun.javafx.event.EventDispatchChainImpl.dispatchEvent(EventDispatchChainImpl.java:114)
     [java] 	at com.sun.javafx.event.BasicEventDispatcher.dispatchEvent(BasicEventDispatcher.java:56)
     [java] 	at com.sun.javafx.event.EventDispatchChainImpl.dispatchEvent(EventDispatchChainImpl.java:114)
     [java] 	at com.sun.javafx.event.BasicEventDispatcher.dispatchEvent(BasicEventDispatcher.java:56)
     [java] 	at com.sun.javafx.event.EventDispatchChainImpl.dispatchEvent(EventDispatchChainImpl.java:114)
     [java] 	at com.sun.javafx.event.EventUtil.fireEventImpl(EventUtil.java:74)
     [java] 	at com.sun.javafx.event.EventUtil.fireEvent(EventUtil.java:54)
     [java] 	at javafx.event.Event.fireEvent(Event.java:198)
     [java] 	at javafx.scene.Scene$KeyHandler.process(Scene.java:3964)
     [java] 	at javafx.scene.Scene$KeyHandler.access$1800(Scene.java:3910)
     [java] 	at javafx.scene.Scene.impl_processKeyEvent(Scene.java:2040)
     [java] 	at javafx.scene.Scene$ScenePeerListener.keyEvent(Scene.java:2501)
     [java] 	at com.sun.javafx.tk.quantum.GlassViewEventHandler$KeyEventNotification.run(GlassViewEventHandler.java:217)
     [java] 	at com.sun.javafx.tk.quantum.GlassViewEventHandler$KeyEventNotification.run(GlassViewEventHandler.java:149)
     [java] 	at java.security.AccessController.doPrivileged(Native Method)
     [java] 	at com.sun.javafx.tk.quantum.GlassViewEventHandler.lambda$handleKeyEvent$353(GlassViewEventHandler.java:248)
     [java] 	at com.sun.javafx.tk.quantum.QuantumToolkit.runWithoutRenderLock(QuantumToolkit.java:389)
     [java] 	at com.sun.javafx.tk.quantum.GlassViewEventHandler.handleKeyEvent(GlassViewEventHandler.java:247)
     [java] 	at com.sun.glass.ui.View.handleKeyEvent(View.java:546)
     [java] 	at com.sun.glass.ui.View.notifyKey(View.java:966)
     [java] 	at com.sun.glass.ui.gtk.GtkApplication._runLoop(Native Method)
     [java] 	at com.sun.glass.ui.gtk.GtkApplication.lambda$null$49(GtkApplication.java:139)
     [java] 	at java.lang.Thread.run(Thread.java:745)
     [java] Exception in thread "JavaFX Application Thread" java.lang.NullPointerException
     [java] 	at app.layout.PositionsFlowPane.animateAll(PositionsFlowPane.java:102)
     [java] 	at app.layout.PositionsFlowPane.updateAnimationSpeed(PositionsFlowPane.java:114)
     [java] 	at app.MainController.updateAnimationSpeed(MainController.java:96)
     [java] 	at app.config.ConfigStageController.lambda$initialize$5(ConfigStageController.java:36)
     [java] 	at com.sun.javafx.binding.ExpressionHelper$Generic.fireValueChangedEvent(ExpressionHelper.java:361)
     [java] 	at com.sun.javafx.binding.ExpressionHelper.fireValueChangedEvent(ExpressionHelper.java:81)
     [java] 	at javafx.beans.property.DoublePropertyBase.fireValueChangedEvent(DoublePropertyBase.java:106)
     [java] 	at javafx.beans.property.DoublePropertyBase.markInvalid(DoublePropertyBase.java:113)
     [java] 	at javafx.beans.property.DoublePropertyBase.set(DoublePropertyBase.java:147)
     [java] 	at javafx.scene.control.Slider.setValue(Slider.java:213)
     [java] 	at javafx.scene.control.Slider.adjustValue(Slider.java:587)
     [java] 	at com.sun.javafx.scene.control.behavior.SliderBehavior.incrementValue(SliderBehavior.java:200)
     [java] 	at com.sun.javafx.scene.control.behavior.SliderBehavior.callAction(SliderBehavior.java:97)
     [java] 	at com.sun.javafx.scene.control.behavior.BehaviorBase.callActionForEvent(BehaviorBase.java:218)
     [java] 	at com.sun.javafx.scene.control.behavior.BehaviorBase.lambda$new$74(BehaviorBase.java:135)
     [java] 	at com.sun.javafx.event.CompositeEventHandler$NormalEventHandlerRecord.handleBubblingEvent(CompositeEventHandler.java:218)
     [java] 	at com.sun.javafx.event.CompositeEventHandler.dispatchBubblingEvent(CompositeEventHandler.java:80)
     [java] 	at com.sun.javafx.event.EventHandlerManager.dispatchBubblingEvent(EventHandlerManager.java:238)
     [java] 	at com.sun.javafx.event.EventHandlerManager.dispatchBubblingEvent(EventHandlerManager.java:191)
     [java] 	at com.sun.javafx.event.CompositeEventDispatcher.dispatchBubblingEvent(CompositeEventDispatcher.java:59)
     [java] 	at com.sun.javafx.event.BasicEventDispatcher.dispatchEvent(BasicEventDispatcher.java:58)
     [java] 	at com.sun.javafx.event.EventDispatchChainImpl.dispatchEvent(EventDispatchChainImpl.java:114)
     [java] 	at com.sun.javafx.event.BasicEventDispatcher.dispatchEvent(BasicEventDispatcher.java:56)
     [java] 	at com.sun.javafx.event.EventDispatchChainImpl.dispatchEvent(EventDispatchChainImpl.java:114)
     [java] 	at com.sun.javafx.event.BasicEventDispatcher.dispatchEvent(BasicEventDispatcher.java:56)
     [java] 	at com.sun.javafx.event.EventDispatchChainImpl.dispatchEvent(EventDispatchChainImpl.java:114)
     [java] 	at com.sun.javafx.event.EventUtil.fireEventImpl(EventUtil.java:74)
     [java] 	at com.sun.javafx.event.EventUtil.fireEvent(EventUtil.java:54)
     [java] 	at javafx.event.Event.fireEvent(Event.java:198)
     [java] 	at javafx.scene.Scene$KeyHandler.process(Scene.java:3964)
     [java] 	at javafx.scene.Scene$KeyHandler.access$1800(Scene.java:3910)
     [java] 	at javafx.scene.Scene.impl_processKeyEvent(Scene.java:2040)
     [java] 	at javafx.scene.Scene$ScenePeerListener.keyEvent(Scene.java:2501)
     [java] 	at com.sun.javafx.tk.quantum.GlassViewEventHandler$KeyEventNotification.run(GlassViewEventHandler.java:217)
     [java] 	at com.sun.javafx.tk.quantum.GlassViewEventHandler$KeyEventNotification.run(GlassViewEventHandler.java:149)
     [java] 	at java.security.AccessController.doPrivileged(Native Method)
     [java] 	at com.sun.javafx.tk.quantum.GlassViewEventHandler.lambda$handleKeyEvent$353(GlassViewEventHandler.java:248)
     [java] 	at com.sun.javafx.tk.quantum.QuantumToolkit.runWithoutRenderLock(QuantumToolkit.java:389)
     [java] 	at com.sun.javafx.tk.quantum.GlassViewEventHandler.handleKeyEvent(GlassViewEventHandler.java:247)
     [java] 	at com.sun.glass.ui.View.handleKeyEvent(View.java:546)
     [java] 	at com.sun.glass.ui.View.notifyKey(View.java:966)
     [java] 	at com.sun.glass.ui.gtk.GtkApplication._runLoop(Native Method)
     [java] 	at com.sun.glass.ui.gtk.GtkApplication.lambda$null$49(GtkApplication.java:139)
     [java] 	at java.lang.Thread.run(Thread.java:745)

jar:
      [jar] Building jar: /home/jiro/workspace/java/proj/MVCharacterChipSimulator/mvccs.jar

default:

BUILD SUCCESSFUL
Total time: 7 seconds
